2018-10-10 18:43:37: -- Analysis Started by On File Change, After Delay
2018-10-10 18:43:37: Changes: 43, Conflicts: 0, CopyTime: 0, FixState: 0, Errors: 0, All: 132
2018-10-10 18:43:37: Left to Right: Copy File: 43 
2018-10-10 18:43:37: == Sync Started by On File Change, After Delay
2018-10-10 18:43:37: Create Folder 'C:/Users/Pooya/Documents/GitHub/MATLABReference/MATLABReference'
2018-10-10 18:43:37: Create Folder 'C:/Users/Pooya/Documents/GitHub/MATLABReference/MATLABReference/books'
2018-10-10 18:43:37: Create Folder 'C:/Users/Pooya/Documents/GitHub/MATLABReference/MATLABReference/categories'
2018-10-10 18:43:37: Create Folder 'C:/Users/Pooya/Documents/GitHub/MATLABReference/MATLABReference/css'
2018-10-10 18:43:37: Create Folder 'C:/Users/Pooya/Documents/GitHub/MATLABReference/MATLABReference/images'
2018-10-10 18:43:37: Create Folder 'C:/Users/Pooya/Documents/GitHub/MATLABReference/MATLABReference/images/full'
2018-10-10 18:43:37: Create Folder 'C:/Users/Pooya/Documents/GitHub/MATLABReference/MATLABReference/images/thumbs'
2018-10-10 18:43:37: Create Folder 'C:/Users/Pooya/Documents/GitHub/MATLABReference/MATLABReference/js'
2018-10-10 18:43:37: Create Folder 'C:/Users/Pooya/Documents/GitHub/MATLABReference/MATLABReference/post'
2018-10-10 18:43:37: Create Folder 'C:/Users/Pooya/Documents/GitHub/MATLABReference/MATLABReference/tags'
2018-10-10 18:43:37: Copy New 'C:/Users/Pooya/Documents/GitHub/createMATLABReference/public/MATLABReference/books/book_01.pdf' -> 'C:/Users/Pooya/Documents/GitHub/MATLABReference/MATLABReference/books/book_01.pdf' (4,261,887)
2018-10-10 18:43:37: Copy New 'C:/Users/Pooya/Documents/GitHub/createMATLABReference/public/MATLABReference/books/book_02.pdf' -> 'C:/Users/Pooya/Documents/GitHub/MATLABReference/MATLABReference/books/book_02.pdf' (7,118,105)
2018-10-10 18:43:37: Copy New 'C:/Users/Pooya/Documents/GitHub/createMATLABReference/public/MATLABReference/books/book_03.pdf' -> 'C:/Users/Pooya/Documents/GitHub/MATLABReference/MATLABReference/books/book_03.pdf' (6,322,688)
2018-10-10 18:43:37: Copy New 'C:/Users/Pooya/Documents/GitHub/createMATLABReference/public/MATLABReference/books/book_04.pdf' -> 'C:/Users/Pooya/Documents/GitHub/MATLABReference/MATLABReference/books/book_04.pdf' (18,853,672)
2018-10-10 18:43:37: Copy New 'C:/Users/Pooya/Documents/GitHub/createMATLABReference/public/MATLABReference/books/book_05.pdf' -> 'C:/Users/Pooya/Documents/GitHub/MATLABReference/MATLABReference/books/book_05.pdf' (10,522,148)
2018-10-10 18:43:37: Copy New 'C:/Users/Pooya/Documents/GitHub/createMATLABReference/public/MATLABReference/categories/index.xml' -> 'C:/Users/Pooya/Documents/GitHub/MATLABReference/MATLABReference/categories/index.xml' (580)
2018-10-10 18:43:37: Copy New 'C:/Users/Pooya/Documents/GitHub/createMATLABReference/public/MATLABReference/css/component.css' -> 'C:/Users/Pooya/Documents/GitHub/MATLABReference/MATLABReference/css/component.css' (3,548)
2018-10-10 18:43:37: Copy New 'C:/Users/Pooya/Documents/GitHub/createMATLABReference/public/MATLABReference/css/default.css' -> 'C:/Users/Pooya/Documents/GitHub/MATLABReference/MATLABReference/css/default.css' (1,214)
2018-10-10 18:43:37: Copy New 'C:/Users/Pooya/Documents/GitHub/createMATLABReference/public/MATLABReference/images/full/1.png' -> 'C:/Users/Pooya/Documents/GitHub/MATLABReference/MATLABReference/images/full/1.png' (11,582)
2018-10-10 18:43:37: Copy New 'C:/Users/Pooya/Documents/GitHub/createMATLABReference/public/MATLABReference/images/full/2.png' -> 'C:/Users/Pooya/Documents/GitHub/MATLABReference/MATLABReference/images/full/2.png' (11,363)
2018-10-10 18:43:37: Copy New 'C:/Users/Pooya/Documents/GitHub/createMATLABReference/public/MATLABReference/images/full/3.png' -> 'C:/Users/Pooya/Documents/GitHub/MATLABReference/MATLABReference/images/full/3.png' (11,523)
2018-10-10 18:43:37: Copy New 'C:/Users/Pooya/Documents/GitHub/createMATLABReference/public/MATLABReference/images/full/4.png' -> 'C:/Users/Pooya/Documents/GitHub/MATLABReference/MATLABReference/images/full/4.png' (11,479)
2018-10-10 18:43:37: Copy New 'C:/Users/Pooya/Documents/GitHub/createMATLABReference/public/MATLABReference/images/full/5.png' -> 'C:/Users/Pooya/Documents/GitHub/MATLABReference/MATLABReference/images/full/5.png' (11,543)
2018-10-10 18:43:37: Copy New 'C:/Users/Pooya/Documents/GitHub/createMATLABReference/public/MATLABReference/images/full/Book_01.png' -> 'C:/Users/Pooya/Documents/GitHub/MATLABReference/MATLABReference/images/full/Book_01.png' (305,529)
2018-10-10 18:43:37: Copy New 'C:/Users/Pooya/Documents/GitHub/createMATLABReference/public/MATLABReference/images/full/Book_02.png' -> 'C:/Users/Pooya/Documents/GitHub/MATLABReference/MATLABReference/images/full/Book_02.png' (707,794)
2018-10-10 18:43:37: Copy New 'C:/Users/Pooya/Documents/GitHub/createMATLABReference/public/MATLABReference/images/full/Book_03.png' -> 'C:/Users/Pooya/Documents/GitHub/MATLABReference/MATLABReference/images/full/Book_03.png' (841,014)
2018-10-10 18:43:37: Copy New 'C:/Users/Pooya/Documents/GitHub/createMATLABReference/public/MATLABReference/images/full/Book_04.png' -> 'C:/Users/Pooya/Documents/GitHub/MATLABReference/MATLABReference/images/full/Book_04.png' (809,958)
2018-10-10 18:43:37: Copy New 'C:/Users/Pooya/Documents/GitHub/createMATLABReference/public/MATLABReference/images/full/Book_05.png' -> 'C:/Users/Pooya/Documents/GitHub/MATLABReference/MATLABReference/images/full/Book_05.png' (766,874)
2018-10-10 18:43:37: Copy New 'C:/Users/Pooya/Documents/GitHub/createMATLABReference/public/MATLABReference/images/thumbs/1.png' -> 'C:/Users/Pooya/Documents/GitHub/MATLABReference/MATLABReference/images/thumbs/1.png' (6,104)
2018-10-10 18:43:37: Copy New 'C:/Users/Pooya/Documents/GitHub/createMATLABReference/public/MATLABReference/images/thumbs/2.png' -> 'C:/Users/Pooya/Documents/GitHub/MATLABReference/MATLABReference/images/thumbs/2.png' (5,912)
2018-10-10 18:43:37: Copy New 'C:/Users/Pooya/Documents/GitHub/createMATLABReference/public/MATLABReference/images/thumbs/3.png' -> 'C:/Users/Pooya/Documents/GitHub/MATLABReference/MATLABReference/images/thumbs/3.png' (6,082)
2018-10-10 18:43:37: Copy New 'C:/Users/Pooya/Documents/GitHub/createMATLABReference/public/MATLABReference/images/thumbs/4.png' -> 'C:/Users/Pooya/Documents/GitHub/MATLABReference/MATLABReference/images/thumbs/4.png' (5,999)
2018-10-10 18:43:37: Copy New 'C:/Users/Pooya/Documents/GitHub/createMATLABReference/public/MATLABReference/images/thumbs/5.png' -> 'C:/Users/Pooya/Documents/GitHub/MATLABReference/MATLABReference/images/thumbs/5.png' (6,132)
2018-10-10 18:43:37: Copy New 'C:/Users/Pooya/Documents/GitHub/createMATLABReference/public/MATLABReference/images/thumbs/Book_01.png' -> 'C:/Users/Pooya/Documents/GitHub/MATLABReference/MATLABReference/images/thumbs/Book_01.png' (54,963)
2018-10-10 18:43:37: Copy New 'C:/Users/Pooya/Documents/GitHub/createMATLABReference/public/MATLABReference/images/thumbs/Book_02.png' -> 'C:/Users/Pooya/Documents/GitHub/MATLABReference/MATLABReference/images/thumbs/Book_02.png' (90,284)
2018-10-10 18:43:37: Copy New 'C:/Users/Pooya/Documents/GitHub/createMATLABReference/public/MATLABReference/images/thumbs/Book_03.png' -> 'C:/Users/Pooya/Documents/GitHub/MATLABReference/MATLABReference/images/thumbs/Book_03.png' (91,265)
2018-10-10 18:43:37: Copy New 'C:/Users/Pooya/Documents/GitHub/createMATLABReference/public/MATLABReference/images/thumbs/Book_04.png' -> 'C:/Users/Pooya/Documents/GitHub/MATLABReference/MATLABReference/images/thumbs/Book_04.png' (103,148)
2018-10-10 18:43:37: Copy New 'C:/Users/Pooya/Documents/GitHub/createMATLABReference/public/MATLABReference/images/thumbs/Book_05.png' -> 'C:/Users/Pooya/Documents/GitHub/MATLABReference/MATLABReference/images/thumbs/Book_05.png' (101,566)
2018-10-10 18:43:37: Copy New 'C:/Users/Pooya/Documents/GitHub/createMATLABReference/public/MATLABReference/index.html' -> 'C:/Users/Pooya/Documents/GitHub/MATLABReference/MATLABReference/index.html' (17,794)
2018-10-10 18:43:37: Copy New 'C:/Users/Pooya/Documents/GitHub/createMATLABReference/public/MATLABReference/index.xml' -> 'C:/Users/Pooya/Documents/GitHub/MATLABReference/MATLABReference/index.xml' (530)
2018-10-10 18:43:37: Copy New 'C:/Users/Pooya/Documents/GitHub/createMATLABReference/public/MATLABReference/js/modernizr.custom.js' -> 'C:/Users/Pooya/Documents/GitHub/MATLABReference/MATLABReference/js/modernizr.custom.js' (8,281)
2018-10-10 18:43:37: Copy New 'C:/Users/Pooya/Documents/GitHub/createMATLABReference/public/MATLABReference/sitemap.xml' -> 'C:/Users/Pooya/Documents/GitHub/MATLABReference/MATLABReference/sitemap.xml' (431)
2018-10-10 18:43:37: Copy New 'C:/Users/Pooya/Documents/GitHub/createMATLABReference/public/MATLABReference/tags/index.xml' -> 'C:/Users/Pooya/Documents/GitHub/MATLABReference/MATLABReference/tags/index.xml' (556)
2018-10-10 18:43:37: == Sync Complete. Time: 00:00:00, Speed: 0 bytes/s, OK: 43, Errors: 0
2018-10-10 18:43:37: 
